<?xml version="1.0" encoding="UTF-8" ?>
<testsuite failures="0" time="0.126" errors="1" skipped="0" tests="1" name="org.openrtb.dsp.core.DemandSideServerTest">
  <properties>
[...]
</properties>
  <testcase time="0.125" classname="org.openrtb.dsp.core.DemandSideServerTest" name="jsonRespondTest">
    <error message="null of array in field imp of org.openrtb.common.api.BidRequest" type="java.lang.NullPointerException">java.lang.NullPointerException: null of array in field imp of org.openrtb.common.api.BidRequest
	at org.apache.avro.generic.GenericDatumWriter.npe(GenericDatumWriter.java:93)
	at org.apache.avro.generic.GenericDatumWriter.write(GenericDatumWriter.java:87)
	at org.apache.avro.generic.GenericDatumWriter.write(GenericDatumWriter.java:58)
	at org.openrtb.dsp.core.DemandSideServerTest.writeRequest(DemandSideServerTest.java:115)
	at org.openrtb.dsp.core.DemandSideServerTest.&lt;init&gt;(DemandSideServerTest.java:96)
	at sun.reflect.NativeConstructorAccessorImpl.newInstance0(Native Method)
	at sun.reflect.NativeConstructorAccessorImpl.newInstance(NativeConstructorAccessorImpl.java:39)
	at sun.reflect.DelegatingConstructorAccessorImpl.newInstance(DelegatingConstructorAccessorImpl.java:27)
	at java.lang.reflect.Constructor.newInstance(Constructor.java:513)
	at org.junit.runners.BlockJUnit4ClassRunner.createTest(BlockJUnit4ClassRunner.java:209)
	at org.junit.runners.BlockJUnit4ClassRunner$1.runReflectiveCall(BlockJUnit4ClassRunner.java:258)
	at org.junit.internal.runners.model.ReflectiveCallable.run(ReflectiveCallable.java:15)
	at org.junit.runners.BlockJUnit4ClassRunner.methodBlock(BlockJUnit4ClassRunner.java:255)
	at org.junit.runners.BlockJUnit4ClassRunner.runNotIgnored(BlockJUnit4ClassRunner.java:79)
	at org.junit.runners.BlockJUnit4ClassRunner.runChild(BlockJUnit4ClassRunner.java:71)
	at org.junit.runners.BlockJUnit4ClassRunner.runChild(BlockJUnit4ClassRunner.java:49)
	at org.junit.runners.ParentRunner$3.run(ParentRunner.java:193)
	at org.junit.runners.ParentRunner$1.schedule(ParentRunner.java:52)
	at org.junit.runners.ParentRunner.runChildren(ParentRunner.java:191)
	at org.junit.runners.ParentRunner.access$000(ParentRunner.java:42)
	at org.junit.runners.ParentRunner$2.evaluate(ParentRunner.java:184)
	at org.junit.runners.ParentRunner.run(ParentRunner.java:236)
	at org.apache.maven.surefire.junit4.JUnit4TestSet.execute(JUnit4TestSet.java:53)
	at org.apache.maven.surefire.junit4.JUnit4Provider.executeTestSet(JUnit4Provider.java:123)
	at org.apache.maven.surefire.junit4.JUnit4Provider.invoke(JUnit4Provider.java:104)
	at sun.reflect.NativeMethodAccessorImpl.invoke0(Native Method)
	at sun.reflect.NativeMethodAccessorImpl.invoke(NativeMethodAccessorImpl.java:39)
	at sun.reflect.DelegatingMethodAccessorImpl.invoke(DelegatingMethodAccessorImpl.java:25)
	at java.lang.reflect.Method.invoke(Method.java:597)
	at org.apache.maven.surefire.util.ReflectionUtils.invokeMethodWithArray(ReflectionUtils.java:164)
	at org.apache.maven.surefire.booter.ProviderFactory$ProviderProxy.invoke(ProviderFactory.java:110)
	at org.apache.maven.surefire.booter.SurefireStarter.invokeProvider(SurefireStarter.java:175)
	at org.apache.maven.surefire.booter.SurefireStarter.runSuitesInProcessWhenForked(SurefireStarter.java:107)
	at org.apache.maven.surefire.booter.ForkedBooter.main(ForkedBooter.java:68)
Caused by: java.lang.NullPointerException
	at org.apache.avro.generic.GenericDatumWriter.getArraySize(GenericDatumWriter.java:151)
	at org.apache.avro.generic.GenericDatumWriter.writeArray(GenericDatumWriter.java:125)
	at org.apache.avro.generic.GenericDatumWriter.write(GenericDatumWriter.java:68)
	at org.apache.avro.generic.GenericDatumWriter.writeRecord(GenericDatumWriter.java:106)
	at org.apache.avro.generic.GenericDatumWriter.write(GenericDatumWriter.java:66)
	... 32 more
</error>
    <system-out>{&quot;id&quot;: &quot;10212sdsa1&quot;, &quot;banner&quot;: {&quot;w&quot;: 30, &quot;h&quot;: 25, &quot;id&quot;: null, &quot;pos&quot;: null, &quot;btype&quot;: null, &quot;battr&quot;: null, &quot;mimes&quot;: null, &quot;topframe&quot;: null, &quot;expdir&quot;: null, &quot;api&quot;: null, &quot;ext&quot;: null}, &quot;video&quot;: {&quot;mimes&quot;: [&quot;video\/x-mswmv&quot;], &quot;linearity&quot;: 54, &quot;minduration&quot;: 100, &quot;maxduration&quot;: 500, &quot;protocol&quot;: 200, &quot;w&quot;: null, &quot;h&quot;: null, &quot;startdelay&quot;: null, &quot;sequence&quot;: null, &quot;battr&quot;: null, &quot;maxextended&quot;: null, &quot;minbitrate&quot;: null, &quot;maxbitrate&quot;: null, &quot;boxingallowed&quot;: null, &quot;playbackmethod&quot;: null, &quot;delivery&quot;: null, &quot;pos&quot;: null, &quot;companionad&quot;: null, &quot;api&quot;: null, &quot;companiontype&quot;: null, &quot;ext&quot;: null}, &quot;displaymanager&quot;: null, &quot;displaymanagerver&quot;: null, &quot;instl&quot;: null, &quot;tagid&quot;: null, &quot;bidfloor&quot;: 10.085, &quot;bidfloorcur&quot;: null, &quot;iframebuster&quot;: null, &quot;ext&quot;: null}
test1
</system-out>
  </testcase>
</testsuite>