<?xml version="1.0" encoding="UTF-8" ?>
<testsuite failures="0" time="0.047" errors="0" skipped="0" tests="3" name="org.openrtb.dsp.intf.model.SupplySidePlatformTest">
  <properties>
[...]
</properties>
  <testcase time="0.005" classname="org.openrtb.dsp.intf.model.SupplySidePlatformTest" name="createSsp_noOrganization"/>
  <testcase time="0.001" classname="org.openrtb.dsp.intf.model.SupplySidePlatformTest" name="createSsp_noService"/>
  <testcase time="0" classname="org.openrtb.dsp.intf.model.SupplySidePlatformTest" name="createSsp_noSecret"/>
</testsuite>